2023-05-16 09:02:54 [INFO] 초기화 필터 생성
2023-05-16 09:02:59 [INFO] --------------------------------------
Start : BoardServiceImpl - selectBoardType
Parameter : []
ip : 127.0.0.1
2023-05-16 09:02:59 [INFO] --------------Service Start---------------
2023-05-16 09:03:00 [INFO] --------------Service End---------------
2023-05-16 09:03:00 [INFO] Return Value : [edu.kh.comm.board.model.vo.BoardType@61425abe, edu.kh.comm.board.model.vo.BoardType@477b8f5f, edu.kh.comm.board.model.vo.BoardType@64f8d0b8]
2023-05-16 09:03:00 [INFO] Running Time : 1043ms
2023-05-16 09:03:00 [INFO] End : BoardServiceImpl - selectBoardType
--------------------------------------

2023-05-16 09:03:00 [INFO] 후처리 수행
2023-05-16 09:03:01 [INFO] View 처리 완료 후 수행
2023-05-16 09:03:01 [INFO] 후처리 수행
2023-05-16 09:03:01 [INFO] View 처리 완료 후 수행
2023-05-16 09:03:01 [INFO] 후처리 수행
2023-05-16 09:03:01 [INFO] View 처리 완료 후 수행
2023-05-16 09:03:01 [INFO] 후처리 수행
2023-05-16 09:03:01 [INFO] View 처리 완료 후 수행
2023-05-16 09:03:02 [INFO] --------------------------------------
Start : MemberServiceImpl - selectAll
Parameter : []
ip : 127.0.0.1
2023-05-16 09:03:02 [INFO] --------------Service Start---------------
2023-05-16 09:03:02 [INFO] --------------Service End---------------
2023-05-16 09:03:02 [INFO] Return Value : [Member(memberNo=1, memberEmail=test01@naver.com, memberPw=null, memberNickname=테스트1, memberTel=null, memberAddress=null, profileImage=null, enrollDate=null, secessionFlag=null), Member(memberNo=2, memberEmail=csw454545@gmail.com, memberPw=null, memberNickname=테스트2, memberTel=null, memberAddress=null, profileImage=null, enrollDate=null, secessionFlag=null)]
2023-05-16 09:03:02 [INFO] Running Time : 20ms
2023-05-16 09:03:02 [INFO] End : MemberServiceImpl - selectAll
--------------------------------------

2023-05-16 09:03:02 [INFO] 후처리 수행
2023-05-16 09:03:02 [INFO] View 처리 완료 후 수행
2023-05-16 09:03:05 [INFO] --------------------------------------
Start : ChatServiceImpl - selectChatRoomList
Parameter : []
ip : 127.0.0.1
2023-05-16 09:03:05 [INFO] --------------Service Start---------------
2023-05-16 09:03:05 [INFO] --------------Service End---------------
2023-05-16 09:03:05 [INFO] Return Value : []
2023-05-16 09:03:05 [INFO] Running Time : 24ms
2023-05-16 09:03:05 [INFO] End : ChatServiceImpl - selectChatRoomList
--------------------------------------

2023-05-16 09:03:05 [INFO] 후처리 수행
2023-05-16 09:03:05 [INFO] View 처리 완료 후 수행
2023-05-16 09:03:06 [INFO] 후처리 수행
2023-05-16 09:03:06 [INFO] View 처리 완료 후 수행
2023-05-16 09:03:06 [INFO] 후처리 수행
2023-05-16 09:03:06 [INFO] View 처리 완료 후 수행
2023-05-16 09:03:06 [INFO] 후처리 수행
2023-05-16 09:03:06 [INFO] View 처리 완료 후 수행
2023-05-16 09:03:12 [INFO] --------------------------------------
Start : MemberServiceImpl - selectAll
Parameter : []
ip : 127.0.0.1
2023-05-16 09:03:12 [INFO] --------------Service Start---------------
2023-05-16 09:03:12 [INFO] --------------Service End---------------
2023-05-16 09:03:12 [INFO] Return Value : [Member(memberNo=1, memberEmail=test01@naver.com, memberPw=null, memberNickname=테스트1, memberTel=null, memberAddress=null, profileImage=null, enrollDate=null, secessionFlag=null), Member(memberNo=2, memberEmail=csw454545@gmail.com, memberPw=null, memberNickname=테스트2, memberTel=null, memberAddress=null, profileImage=null, enrollDate=null, secessionFlag=null)]
2023-05-16 09:03:12 [INFO] Running Time : 5ms
2023-05-16 09:03:12 [INFO] End : MemberServiceImpl - selectAll
--------------------------------------

2023-05-16 09:03:12 [INFO] 후처리 수행
2023-05-16 09:03:12 [INFO] View 처리 완료 후 수행
2023-05-16 09:03:22 [INFO] --------------------------------------
Start : MemberServiceImpl - selectAll
Parameter : []
ip : 127.0.0.1
2023-05-16 09:03:22 [INFO] --------------Service Start---------------
2023-05-16 09:03:22 [INFO] --------------Service End---------------
2023-05-16 09:03:22 [INFO] Return Value : [Member(memberNo=1, memberEmail=test01@naver.com, memberPw=null, memberNickname=테스트1, memberTel=null, memberAddress=null, profileImage=null, enrollDate=null, secessionFlag=null), Member(memberNo=2, memberEmail=csw454545@gmail.com, memberPw=null, memberNickname=테스트2, memberTel=null, memberAddress=null, profileImage=null, enrollDate=null, secessionFlag=null)]
2023-05-16 09:03:22 [INFO] Running Time : 3ms
2023-05-16 09:03:22 [INFO] End : MemberServiceImpl - selectAll
--------------------------------------

2023-05-16 09:03:22 [INFO] 후처리 수행
2023-05-16 09:03:22 [INFO] View 처리 완료 후 수행
2023-05-16 09:03:32 [INFO] --------------------------------------
Start : MemberServiceImpl - selectAll
Parameter : []
ip : 127.0.0.1
2023-05-16 09:03:32 [INFO] --------------Service Start---------------
2023-05-16 09:03:32 [INFO] --------------Service End---------------
2023-05-16 09:03:32 [INFO] Return Value : [Member(memberNo=1, memberEmail=test01@naver.com, memberPw=null, memberNickname=테스트1, memberTel=null, memberAddress=null, profileImage=null, enrollDate=null, secessionFlag=null), Member(memberNo=2, memberEmail=csw454545@gmail.com, memberPw=null, memberNickname=테스트2, memberTel=null, memberAddress=null, profileImage=null, enrollDate=null, secessionFlag=null)]
2023-05-16 09:03:32 [INFO] Running Time : 4ms
2023-05-16 09:03:32 [INFO] End : MemberServiceImpl - selectAll
--------------------------------------

2023-05-16 09:03:32 [INFO] 후처리 수행
2023-05-16 09:03:32 [INFO] View 처리 완료 후 수행
2023-05-16 09:03:42 [INFO] --------------------------------------
Start : MemberServiceImpl - selectAll
Parameter : []
ip : 127.0.0.1
2023-05-16 09:03:42 [INFO] --------------Service Start---------------
2023-05-16 09:03:42 [INFO] --------------Service End---------------
2023-05-16 09:03:42 [INFO] Return Value : [Member(memberNo=1, memberEmail=test01@naver.com, memberPw=null, memberNickname=테스트1, memberTel=null, memberAddress=null, profileImage=null, enrollDate=null, secessionFlag=null), Member(memberNo=2, memberEmail=csw454545@gmail.com, memberPw=null, memberNickname=테스트2, memberTel=null, memberAddress=null, profileImage=null, enrollDate=null, secessionFlag=null)]
2023-05-16 09:03:42 [INFO] Running Time : 2ms
2023-05-16 09:03:42 [INFO] End : MemberServiceImpl - selectAll
--------------------------------------

2023-05-16 09:03:42 [INFO] 후처리 수행
2023-05-16 09:03:42 [INFO] View 처리 완료 후 수행
2023-05-16 09:03:52 [INFO] --------------------------------------
Start : MemberServiceImpl - selectAll
Parameter : []
ip : 127.0.0.1
2023-05-16 09:03:52 [INFO] --------------Service Start---------------
2023-05-16 09:03:52 [INFO] --------------Service End---------------
2023-05-16 09:03:52 [INFO] Return Value : [Member(memberNo=1, memberEmail=test01@naver.com, memberPw=null, memberNickname=테스트1, memberTel=null, memberAddress=null, profileImage=null, enrollDate=null, secessionFlag=null), Member(memberNo=2, memberEmail=csw454545@gmail.com, memberPw=null, memberNickname=테스트2, memberTel=null, memberAddress=null, profileImage=null, enrollDate=null, secessionFlag=null)]
2023-05-16 09:03:52 [INFO] Running Time : 3ms
2023-05-16 09:03:52 [INFO] End : MemberServiceImpl - selectAll
--------------------------------------

2023-05-16 09:03:52 [INFO] 후처리 수행
2023-05-16 09:03:52 [INFO] View 처리 완료 후 수행
2023-05-16 09:04:02 [INFO] --------------------------------------
Start : MemberServiceImpl - selectAll
Parameter : []
ip : 127.0.0.1
2023-05-16 09:04:02 [INFO] --------------Service Start---------------
2023-05-16 09:04:02 [INFO] --------------Service End---------------
2023-05-16 09:04:02 [INFO] Return Value : [Member(memberNo=1, memberEmail=test01@naver.com, memberPw=null, memberNickname=테스트1, memberTel=null, memberAddress=null, profileImage=null, enrollDate=null, secessionFlag=null), Member(memberNo=2, memberEmail=csw454545@gmail.com, memberPw=null, memberNickname=테스트2, memberTel=null, memberAddress=null, profileImage=null, enrollDate=null, secessionFlag=null)]
2023-05-16 09:04:02 [INFO] Running Time : 5ms
2023-05-16 09:04:02 [INFO] End : MemberServiceImpl - selectAll
--------------------------------------

2023-05-16 09:04:02 [INFO] 후처리 수행
2023-05-16 09:04:02 [INFO] View 처리 완료 후 수행
2023-05-16 09:04:12 [INFO] --------------------------------------
Start : MemberServiceImpl - selectAll
Parameter : []
ip : 127.0.0.1
2023-05-16 09:04:12 [INFO] --------------Service Start---------------
2023-05-16 09:04:12 [INFO] --------------Service End---------------
2023-05-16 09:04:12 [INFO] Return Value : [Member(memberNo=1, memberEmail=test01@naver.com, memberPw=null, memberNickname=테스트1, memberTel=null, memberAddress=null, profileImage=null, enrollDate=null, secessionFlag=null), Member(memberNo=2, memberEmail=csw454545@gmail.com, memberPw=null, memberNickname=테스트2, memberTel=null, memberAddress=null, profileImage=null, enrollDate=null, secessionFlag=null)]
2023-05-16 09:04:12 [INFO] Running Time : 3ms
2023-05-16 09:04:12 [INFO] End : MemberServiceImpl - selectAll
--------------------------------------

2023-05-16 09:04:12 [INFO] 후처리 수행
2023-05-16 09:04:12 [INFO] View 처리 완료 후 수행
2023-05-16 09:04:22 [INFO] --------------------------------------
Start : MemberServiceImpl - selectAll
Parameter : []
ip : 127.0.0.1
2023-05-16 09:04:22 [INFO] --------------Service Start---------------
2023-05-16 09:04:22 [INFO] --------------Service End---------------
2023-05-16 09:04:22 [INFO] Return Value : [Member(memberNo=1, memberEmail=test01@naver.com, memberPw=null, memberNickname=테스트1, memberTel=null, memberAddress=null, profileImage=null, enrollDate=null, secessionFlag=null), Member(memberNo=2, memberEmail=csw454545@gmail.com, memberPw=null, memberNickname=테스트2, memberTel=null, memberAddress=null, profileImage=null, enrollDate=null, secessionFlag=null)]
2023-05-16 09:04:22 [INFO] Running Time : 2ms
2023-05-16 09:04:22 [INFO] End : MemberServiceImpl - selectAll
--------------------------------------

2023-05-16 09:04:22 [INFO] 후처리 수행
2023-05-16 09:04:22 [INFO] View 처리 완료 후 수행
2023-05-16 09:04:32 [INFO] --------------------------------------
Start : MemberServiceImpl - selectAll
Parameter : []
ip : 127.0.0.1
2023-05-16 09:04:32 [INFO] --------------Service Start---------------
2023-05-16 09:04:32 [INFO] --------------Service End---------------
2023-05-16 09:04:32 [INFO] Return Value : [Member(memberNo=1, memberEmail=test01@naver.com, memberPw=null, memberNickname=테스트1, memberTel=null, memberAddress=null, profileImage=null, enrollDate=null, secessionFlag=null), Member(memberNo=2, memberEmail=csw454545@gmail.com, memberPw=null, memberNickname=테스트2, memberTel=null, memberAddress=null, profileImage=null, enrollDate=null, secessionFlag=null)]
2023-05-16 09:04:32 [INFO] Running Time : 3ms
2023-05-16 09:04:32 [INFO] End : MemberServiceImpl - selectAll
--------------------------------------

2023-05-16 09:04:32 [INFO] 후처리 수행
2023-05-16 09:04:32 [INFO] View 처리 완료 후 수행
2023-05-16 09:04:42 [INFO] --------------------------------------
Start : MemberServiceImpl - selectAll
Parameter : []
ip : 127.0.0.1
2023-05-16 09:04:42 [INFO] --------------Service Start---------------
2023-05-16 09:04:42 [INFO] --------------Service End---------------
2023-05-16 09:04:42 [INFO] Return Value : [Member(memberNo=1, memberEmail=test01@naver.com, memberPw=null, memberNickname=테스트1, memberTel=null, memberAddress=null, profileImage=null, enrollDate=null, secessionFlag=null), Member(memberNo=2, memberEmail=csw454545@gmail.com, memberPw=null, memberNickname=테스트2, memberTel=null, memberAddress=null, profileImage=null, enrollDate=null, secessionFlag=null)]
2023-05-16 09:04:42 [INFO] Running Time : 4ms
2023-05-16 09:04:42 [INFO] End : MemberServiceImpl - selectAll
--------------------------------------

2023-05-16 09:04:42 [INFO] 후처리 수행
2023-05-16 09:04:42 [INFO] View 처리 완료 후 수행
2023-05-16 09:04:52 [INFO] --------------------------------------
Start : MemberServiceImpl - selectAll
Parameter : []
ip : 127.0.0.1
2023-05-16 09:04:52 [INFO] --------------Service Start---------------
2023-05-16 09:04:52 [INFO] --------------Service End---------------
2023-05-16 09:04:52 [INFO] Return Value : [Member(memberNo=1, memberEmail=test01@naver.com, memberPw=null, memberNickname=테스트1, memberTel=null, memberAddress=null, profileImage=null, enrollDate=null, secessionFlag=null), Member(memberNo=2, memberEmail=csw454545@gmail.com, memberPw=null, memberNickname=테스트2, memberTel=null, memberAddress=null, profileImage=null, enrollDate=null, secessionFlag=null)]
2023-05-16 09:04:52 [INFO] Running Time : 2ms
2023-05-16 09:04:52 [INFO] End : MemberServiceImpl - selectAll
--------------------------------------

2023-05-16 09:04:52 [INFO] 후처리 수행
2023-05-16 09:04:52 [INFO] View 처리 완료 후 수행
2023-05-16 09:05:02 [INFO] --------------------------------------
Start : MemberServiceImpl - selectAll
Parameter : []
ip : 127.0.0.1
2023-05-16 09:05:02 [INFO] --------------Service Start---------------
2023-05-16 09:05:02 [INFO] --------------Service End---------------
2023-05-16 09:05:02 [INFO] Return Value : [Member(memberNo=1, memberEmail=test01@naver.com, memberPw=null, memberNickname=테스트1, memberTel=null, memberAddress=null, profileImage=null, enrollDate=null, secessionFlag=null), Member(memberNo=2, memberEmail=csw454545@gmail.com, memberPw=null, memberNickname=테스트2, memberTel=null, memberAddress=null, profileImage=null, enrollDate=null, secessionFlag=null)]
2023-05-16 09:05:02 [INFO] Running Time : 3ms
2023-05-16 09:05:02 [INFO] End : MemberServiceImpl - selectAll
--------------------------------------

2023-05-16 09:05:02 [INFO] 후처리 수행
2023-05-16 09:05:02 [INFO] View 처리 완료 후 수행
2023-05-16 09:05:51 [INFO] --------------------------------------
Start : MemberServiceImpl - selectAll
Parameter : []
ip : 127.0.0.1
2023-05-16 09:05:51 [INFO] --------------Service Start---------------
2023-05-16 09:05:51 [INFO] --------------Service End---------------
2023-05-16 09:05:51 [INFO] Return Value : [Member(memberNo=1, memberEmail=test01@naver.com, memberPw=null, memberNickname=테스트1, memberTel=null, memberAddress=null, profileImage=null, enrollDate=null, secessionFlag=null), Member(memberNo=2, memberEmail=csw454545@gmail.com, memberPw=null, memberNickname=테스트2, memberTel=null, memberAddress=null, profileImage=null, enrollDate=null, secessionFlag=null)]
2023-05-16 09:05:51 [INFO] Running Time : 3ms
2023-05-16 09:05:51 [INFO] End : MemberServiceImpl - selectAll
--------------------------------------

2023-05-16 09:05:51 [INFO] 후처리 수행
2023-05-16 09:05:51 [INFO] View 처리 완료 후 수행
2023-05-16 09:24:13 [INFO] 초기화 필터 생성
2023-05-16 09:24:16 [INFO] --------------------------------------
Start : BoardServiceImpl - selectBoardType
Parameter : []
ip : 127.0.0.1
2023-05-16 09:24:16 [INFO] --------------Service Start---------------
2023-05-16 09:24:16 [INFO] --------------------------------------
Start : BoardServiceImpl - selectBoardType
Parameter : []
ip : 127.0.0.1
2023-05-16 09:24:16 [INFO] --------------Service Start---------------
2023-05-16 09:24:17 [INFO] --------------Service End---------------
2023-05-16 09:24:17 [INFO] --------------Service End---------------
2023-05-16 09:24:17 [INFO] Return Value : [edu.kh.comm.board.model.vo.BoardType@781311ff, edu.kh.comm.board.model.vo.BoardType@76394674, edu.kh.comm.board.model.vo.BoardType@4a05a6dd]
2023-05-16 09:24:17 [INFO] Return Value : [edu.kh.comm.board.model.vo.BoardType@49f8d245, edu.kh.comm.board.model.vo.BoardType@61dc0873, edu.kh.comm.board.model.vo.BoardType@5237278e]
2023-05-16 09:24:17 [INFO] Running Time : 687ms
2023-05-16 09:24:17 [INFO] Running Time : 1142ms
2023-05-16 09:24:17 [INFO] End : BoardServiceImpl - selectBoardType
--------------------------------------

2023-05-16 09:24:17 [INFO] End : BoardServiceImpl - selectBoardType
--------------------------------------

2023-05-16 09:24:17 [INFO] --------------------------------------
Start : MemberServiceImpl - selectAll
Parameter : []
ip : 127.0.0.1
2023-05-16 09:24:17 [INFO] --------------Service Start---------------
2023-05-16 09:24:17 [INFO] --------------Service End---------------
2023-05-16 09:24:17 [INFO] Return Value : [Member(memberNo=1, memberEmail=test01@naver.com, memberPw=null, memberNickname=테스트1, memberTel=null, memberAddress=null, profileImage=null, enrollDate=null, secessionFlag=null), Member(memberNo=2, memberEmail=csw454545@gmail.com, memberPw=null, memberNickname=테스트2, memberTel=null, memberAddress=null, profileImage=null, enrollDate=null, secessionFlag=null)]
2023-05-16 09:24:17 [INFO] Running Time : 3ms
2023-05-16 09:24:17 [INFO] End : MemberServiceImpl - selectAll
--------------------------------------

2023-05-16 09:24:17 [INFO] 후처리 수행
2023-05-16 09:24:17 [INFO] View 처리 완료 후 수행
2023-05-16 09:24:17 [INFO] 후처리 수행
2023-05-16 09:24:17 [INFO] View 처리 완료 후 수행
2023-05-16 09:24:17 [INFO] --------------------------------------
Start : MemberServiceImpl - selectAll
Parameter : []
ip : 127.0.0.1
2023-05-16 09:24:17 [INFO] --------------Service Start---------------
2023-05-16 09:24:17 [INFO] --------------Service End---------------
2023-05-16 09:24:17 [INFO] Return Value : [Member(memberNo=1, memberEmail=test01@naver.com, memberPw=null, memberNickname=테스트1, memberTel=null, memberAddress=null, profileImage=null, enrollDate=null, secessionFlag=null), Member(memberNo=2, memberEmail=csw454545@gmail.com, memberPw=null, memberNickname=테스트2, memberTel=null, memberAddress=null, profileImage=null, enrollDate=null, secessionFlag=null)]
2023-05-16 09:24:17 [INFO] Running Time : 3ms
2023-05-16 09:24:17 [INFO] End : MemberServiceImpl - selectAll
--------------------------------------

2023-05-16 09:24:17 [INFO] 후처리 수행
2023-05-16 09:24:17 [INFO] View 처리 완료 후 수행
2023-05-16 09:24:28 [INFO] --------------------------------------
Start : MemberServiceImpl - selectAll
Parameter : []
ip : 127.0.0.1
2023-05-16 09:24:28 [INFO] --------------Service Start---------------
2023-05-16 09:24:28 [INFO] --------------Service End---------------
2023-05-16 09:24:28 [INFO] Return Value : [Member(memberNo=1, memberEmail=test01@naver.com, memberPw=null, memberNickname=테스트1, memberTel=null, memberAddress=null, profileImage=null, enrollDate=null, secessionFlag=null), Member(memberNo=2, memberEmail=csw454545@gmail.com, memberPw=null, memberNickname=테스트2, memberTel=null, memberAddress=null, profileImage=null, enrollDate=null, secessionFlag=null)]
2023-05-16 09:24:28 [INFO] Running Time : 2ms
2023-05-16 09:24:28 [INFO] End : MemberServiceImpl - selectAll
--------------------------------------

2023-05-16 09:24:28 [INFO] 후처리 수행
2023-05-16 09:24:28 [INFO] View 처리 완료 후 수행
2023-05-16 09:24:38 [INFO] --------------------------------------
Start : MemberServiceImpl - selectAll
Parameter : []
ip : 127.0.0.1
2023-05-16 09:24:38 [INFO] --------------Service Start---------------
2023-05-16 09:24:38 [INFO] --------------Service End---------------
2023-05-16 09:24:38 [INFO] Return Value : [Member(memberNo=1, memberEmail=test01@naver.com, memberPw=null, memberNickname=테스트1, memberTel=null, memberAddress=null, profileImage=null, enrollDate=null, secessionFlag=null), Member(memberNo=2, memberEmail=csw454545@gmail.com, memberPw=null, memberNickname=테스트2, memberTel=null, memberAddress=null, profileImage=null, enrollDate=null, secessionFlag=null)]
2023-05-16 09:24:38 [INFO] Running Time : 4ms
2023-05-16 09:24:38 [INFO] End : MemberServiceImpl - selectAll
--------------------------------------

2023-05-16 09:24:38 [INFO] 후처리 수행
2023-05-16 09:24:38 [INFO] View 처리 완료 후 수행
2023-05-16 09:24:43 [INFO] --------------------------------------
Start : ChatServiceImpl - selectChatRoomList
Parameter : []
ip : 127.0.0.1
2023-05-16 09:24:43 [INFO] --------------Service Start---------------
2023-05-16 09:24:43 [INFO] --------------Service End---------------
2023-05-16 09:24:43 [INFO] Return Value : []
2023-05-16 09:24:43 [INFO] Running Time : 3ms
2023-05-16 09:24:43 [INFO] End : ChatServiceImpl - selectChatRoomList
--------------------------------------

2023-05-16 09:24:43 [INFO] 후처리 수행
2023-05-16 09:24:43 [INFO] View 처리 완료 후 수행
2023-05-16 09:24:46 [INFO] --------------------------------------
Start : ChatServiceImpl - selectChatRoomList
Parameter : []
ip : 127.0.0.1
2023-05-16 09:24:46 [INFO] --------------Service Start---------------
2023-05-16 09:24:46 [INFO] --------------Service End---------------
2023-05-16 09:24:46 [INFO] Return Value : []
2023-05-16 09:24:46 [INFO] Running Time : 3ms
2023-05-16 09:24:46 [INFO] End : ChatServiceImpl - selectChatRoomList
--------------------------------------

2023-05-16 09:24:46 [INFO] 후처리 수행
2023-05-16 09:24:46 [INFO] View 처리 완료 후 수행
2023-05-16 09:24:51 [INFO] --------------------------------------
Start : ChatServiceImpl - selectChatRoomList
Parameter : []
ip : 127.0.0.1
2023-05-16 09:24:51 [INFO] --------------Service Start---------------
2023-05-16 09:24:51 [INFO] --------------Service End---------------
2023-05-16 09:24:51 [INFO] Return Value : []
2023-05-16 09:24:51 [INFO] Running Time : 3ms
2023-05-16 09:24:51 [INFO] End : ChatServiceImpl - selectChatRoomList
--------------------------------------

2023-05-16 09:24:51 [INFO] 후처리 수행
2023-05-16 09:24:51 [INFO] View 처리 완료 후 수행
2023-05-16 09:24:52 [INFO] --------------------------------------
Start : BoardServiceImpl - selectBoardList
Parameter : [1, 3]
ip : 127.0.0.1
2023-05-16 09:24:52 [INFO] --------------Service Start---------------
2023-05-16 09:24:52 [INFO] --------------Service End---------------
2023-05-16 09:24:52 [INFO] Return Value : {pagination=Pagination [currentPage=1, listCount=500, limit=10, pageSize=10, maxPage=50, startPage=1, endPage=10, prevPage=1, nextPage=11], boardList=[edu.kh.comm.board.model.vo.Board@7524414f, edu.kh.comm.board.model.vo.Board@1d8481d5, edu.kh.comm.board.model.vo.Board@4cf7625, edu.kh.comm.board.model.vo.Board@2a32184e, edu.kh.comm.board.model.vo.Board@7dcb0a7e, edu.kh.comm.board.model.vo.Board@44f8b63b, edu.kh.comm.board.model.vo.Board@3b799edf, edu.kh.comm.board.model.vo.Board@1331196, edu.kh.comm.board.model.vo.Board@240e7334, edu.kh.comm.board.model.vo.Board@25c640e0]}
2023-05-16 09:24:52 [INFO] Running Time : 122ms
2023-05-16 09:24:52 [INFO] End : BoardServiceImpl - selectBoardList
--------------------------------------

2023-05-16 09:24:52 [INFO] 후처리 수행
2023-05-16 09:24:53 [INFO] 후처리 수행
2023-05-16 09:24:53 [INFO] View 처리 완료 후 수행
2023-05-16 09:24:53 [INFO] --------------------------------------
Start : MemberServiceImpl - selectAll
Parameter : []
ip : 127.0.0.1
2023-05-16 09:24:53 [INFO] --------------Service Start---------------
2023-05-16 09:24:53 [INFO] --------------Service End---------------
2023-05-16 09:24:53 [INFO] Return Value : [Member(memberNo=1, memberEmail=test01@naver.com, memberPw=null, memberNickname=테스트1, memberTel=null, memberAddress=null, profileImage=null, enrollDate=null, secessionFlag=null), Member(memberNo=2, memberEmail=csw454545@gmail.com, memberPw=null, memberNickname=테스트2, memberTel=null, memberAddress=null, profileImage=null, enrollDate=null, secessionFlag=null)]
2023-05-16 09:24:53 [INFO] Running Time : 4ms
2023-05-16 09:24:53 [INFO] End : MemberServiceImpl - selectAll
--------------------------------------

2023-05-16 09:24:53 [INFO] 후처리 수행
2023-05-16 09:24:53 [INFO] View 처리 완료 후 수행
2023-05-16 09:24:53 [INFO] View 처리 완료 후 수행
2023-05-16 09:25:03 [INFO] --------------------------------------
Start : MemberServiceImpl - selectAll
Parameter : []
ip : 127.0.0.1
2023-05-16 09:25:03 [INFO] --------------Service Start---------------
2023-05-16 09:25:03 [INFO] --------------Service End---------------
2023-05-16 09:25:03 [INFO] Return Value : [Member(memberNo=1, memberEmail=test01@naver.com, memberPw=null, memberNickname=테스트1, memberTel=null, memberAddress=null, profileImage=null, enrollDate=null, secessionFlag=null), Member(memberNo=2, memberEmail=csw454545@gmail.com, memberPw=null, memberNickname=테스트2, memberTel=null, memberAddress=null, profileImage=null, enrollDate=null, secessionFlag=null)]
2023-05-16 09:25:03 [INFO] Running Time : 3ms
2023-05-16 09:25:03 [INFO] End : MemberServiceImpl - selectAll
--------------------------------------

2023-05-16 09:25:03 [INFO] 후처리 수행
2023-05-16 09:25:03 [INFO] View 처리 완료 후 수행
2023-05-16 09:25:04 [INFO] 로그인 기능 수행됨
2023-05-16 09:25:04 [INFO] --------------------------------------
Start : MemberServiceImpl - login
Parameter : [Member(memberNo=0, memberEmail=csw454545@gmail.com, memberPw=pass01!, memberNickname=null, memberTel=null, memberAddress=null, profileImage=null, enrollDate=null, secessionFlag=null)]
ip : 127.0.0.1
2023-05-16 09:25:04 [INFO] --------------Service Start---------------
2023-05-16 09:25:04 [DEBUG] pass01! / $2a$10$VZT.RpkztdP9xIwLAUIpXOBAeNbSRQOjkkytfn8A/NOTxi76g1vyG
2023-05-16 09:25:04 [INFO] --------------Service End---------------
2023-05-16 09:25:04 [INFO] Return Value : Member(memberNo=2, memberEmail=csw454545@gmail.com, memberPw=null, memberNickname=테스트2, memberTel=01043214321, memberAddress=null, profileImage=/resources/images/memberProfile/20230428141912_44328.png, enrollDate=2023-04-28 14:16:47, secessionFlag=null)
2023-05-16 09:25:04 [INFO] Running Time : 182ms
2023-05-16 09:25:04 [INFO] End : MemberServiceImpl - login
--------------------------------------

2023-05-16 09:25:04 [INFO] 후처리 수행
2023-05-16 09:25:04 [INFO] View 처리 완료 후 수행
2023-05-16 09:25:04 [INFO] 후처리 수행
2023-05-16 09:25:04 [INFO] View 처리 완료 후 수행
2023-05-16 09:25:04 [INFO] --------------------------------------
Start : MemberServiceImpl - selectAll
Parameter : []
ip : 127.0.0.1 (email : csw454545@gmail.com)
2023-05-16 09:25:04 [INFO] --------------Service Start---------------
2023-05-16 09:25:04 [INFO] --------------Service End---------------
2023-05-16 09:25:04 [INFO] Return Value : [Member(memberNo=1, memberEmail=test01@naver.com, memberPw=null, memberNickname=테스트1, memberTel=null, memberAddress=null, profileImage=null, enrollDate=null, secessionFlag=null), Member(memberNo=2, memberEmail=csw454545@gmail.com, memberPw=null, memberNickname=테스트2, memberTel=null, memberAddress=null, profileImage=null, enrollDate=null, secessionFlag=null)]
2023-05-16 09:25:04 [INFO] Running Time : 5ms
2023-05-16 09:25:04 [INFO] End : MemberServiceImpl - selectAll
--------------------------------------

2023-05-16 09:25:04 [INFO] 후처리 수행
2023-05-16 09:25:04 [INFO] View 처리 완료 후 수행
2023-05-16 09:25:04 [INFO] 후처리 수행
2023-05-16 09:25:04 [INFO] View 처리 완료 후 수행
2023-05-16 09:25:06 [INFO] --------------------------------------
Start : ChatServiceImpl - selectChatRoomList
Parameter : []
ip : 127.0.0.1 (email : csw454545@gmail.com)
2023-05-16 09:25:06 [INFO] --------------Service Start---------------
2023-05-16 09:25:06 [INFO] --------------Service End---------------
2023-05-16 09:25:06 [INFO] Return Value : []
2023-05-16 09:25:06 [INFO] Running Time : 3ms
2023-05-16 09:25:06 [INFO] End : ChatServiceImpl - selectChatRoomList
--------------------------------------

2023-05-16 09:25:06 [INFO] 후처리 수행
2023-05-16 09:25:06 [INFO] View 처리 완료 후 수행
2023-05-16 09:31:36 [INFO] 초기화 필터 파괴
2023-05-16 09:31:40 [INFO] 초기화 필터 생성
2023-05-16 09:31:57 [INFO] 초기화 필터 생성
2023-05-16 09:32:00 [INFO] --------------------------------------
Start : BoardServiceImpl - selectBoardType
Parameter : []
ip : 127.0.0.1
2023-05-16 09:32:00 [INFO] --------------Service Start---------------
2023-05-16 09:32:01 [INFO] --------------Service End---------------
2023-05-16 09:32:01 [INFO] Return Value : [edu.kh.comm.board.model.vo.BoardType@354b115b, edu.kh.comm.board.model.vo.BoardType@14f501bb, edu.kh.comm.board.model.vo.BoardType@1ecd987f]
2023-05-16 09:32:01 [INFO] Running Time : 1025ms
2023-05-16 09:32:01 [INFO] End : BoardServiceImpl - selectBoardType
--------------------------------------

2023-05-16 09:32:01 [INFO] 후처리 수행
2023-05-16 09:32:01 [INFO] View 처리 완료 후 수행
2023-05-16 09:32:02 [INFO] --------------------------------------
Start : MemberServiceImpl - selectAll
Parameter : []
ip : 127.0.0.1
2023-05-16 09:32:02 [INFO] --------------Service Start---------------
2023-05-16 09:32:02 [INFO] --------------Service End---------------
2023-05-16 09:32:02 [INFO] Return Value : [Member(memberNo=1, memberEmail=test01@naver.com, memberPw=null, memberNickname=테스트1, memberTel=null, memberAddress=null, profileImage=null, enrollDate=null, secessionFlag=null), Member(memberNo=2, memberEmail=csw454545@gmail.com, memberPw=null, memberNickname=테스트2, memberTel=null, memberAddress=null, profileImage=null, enrollDate=null, secessionFlag=null)]
2023-05-16 09:32:02 [INFO] Running Time : 6ms
2023-05-16 09:32:02 [INFO] End : MemberServiceImpl - selectAll
--------------------------------------

2023-05-16 09:32:02 [INFO] 후처리 수행
2023-05-16 09:32:02 [INFO] View 처리 완료 후 수행
2023-05-16 09:32:12 [INFO] --------------------------------------
Start : MemberServiceImpl - selectAll
Parameter : []
ip : 127.0.0.1
2023-05-16 09:32:12 [INFO] --------------Service Start---------------
2023-05-16 09:32:12 [INFO] --------------Service End---------------
2023-05-16 09:32:12 [INFO] Return Value : [Member(memberNo=1, memberEmail=test01@naver.com, memberPw=null, memberNickname=테스트1, memberTel=null, memberAddress=null, profileImage=null, enrollDate=null, secessionFlag=null), Member(memberNo=2, memberEmail=csw454545@gmail.com, memberPw=null, memberNickname=테스트2, memberTel=null, memberAddress=null, profileImage=null, enrollDate=null, secessionFlag=null)]
2023-05-16 09:32:12 [INFO] Running Time : 4ms
2023-05-16 09:32:12 [INFO] End : MemberServiceImpl - selectAll
--------------------------------------

2023-05-16 09:32:12 [INFO] 후처리 수행
2023-05-16 09:32:12 [INFO] View 처리 완료 후 수행
2023-05-16 09:32:14 [INFO] 로그인 기능 수행됨
2023-05-16 09:32:14 [INFO] --------------------------------------
Start : MemberServiceImpl - login
Parameter : [Member(memberNo=0, memberEmail=csw454545@gmail.com, memberPw=pass01!, memberNickname=null, memberTel=null, memberAddress=null, profileImage=null, enrollDate=null, secessionFlag=null)]
ip : 127.0.0.1
2023-05-16 09:32:14 [INFO] --------------Service Start---------------
2023-05-16 09:32:14 [DEBUG] pass01! / $2a$10$8I63wUcfs3m42GEd.iK4B.sz8vFuDV4BxhFuztKLOZ6p1vJaT5cUK
2023-05-16 09:32:14 [INFO] --------------Service End---------------
2023-05-16 09:32:14 [INFO] Return Value : Member(memberNo=2, memberEmail=csw454545@gmail.com, memberPw=null, memberNickname=테스트2, memberTel=01043214321, memberAddress=null, profileImage=/resources/images/memberProfile/20230428141912_44328.png, enrollDate=2023-04-28 14:16:47, secessionFlag=null)
2023-05-16 09:32:14 [INFO] Running Time : 154ms
2023-05-16 09:32:14 [INFO] End : MemberServiceImpl - login
--------------------------------------

2023-05-16 09:32:14 [INFO] 후처리 수행
2023-05-16 09:32:14 [INFO] View 처리 완료 후 수행
2023-05-16 09:32:14 [INFO] 후처리 수행
2023-05-16 09:32:14 [INFO] View 처리 완료 후 수행
2023-05-16 09:32:14 [INFO] --------------------------------------
Start : MemberServiceImpl - selectAll
Parameter : []
ip : 127.0.0.1 (email : csw454545@gmail.com)
2023-05-16 09:32:14 [INFO] --------------Service Start---------------
2023-05-16 09:32:14 [INFO] --------------Service End---------------
2023-05-16 09:32:14 [INFO] Return Value : [Member(memberNo=1, memberEmail=test01@naver.com, memberPw=null, memberNickname=테스트1, memberTel=null, memberAddress=null, profileImage=null, enrollDate=null, secessionFlag=null), Member(memberNo=2, memberEmail=csw454545@gmail.com, memberPw=null, memberNickname=테스트2, memberTel=null, memberAddress=null, profileImage=null, enrollDate=null, secessionFlag=null)]
2023-05-16 09:32:14 [INFO] Running Time : 4ms
2023-05-16 09:32:14 [INFO] End : MemberServiceImpl - selectAll
--------------------------------------

2023-05-16 09:32:14 [INFO] 후처리 수행
2023-05-16 09:32:14 [INFO] View 처리 완료 후 수행
2023-05-16 09:32:16 [INFO] --------------------------------------
Start : ChatServiceImpl - selectChatRoomList
Parameter : []
ip : 127.0.0.1 (email : csw454545@gmail.com)
2023-05-16 09:32:16 [INFO] --------------Service Start---------------
2023-05-16 09:32:16 [INFO] --------------Service End---------------
2023-05-16 09:32:16 [INFO] Return Value : []
2023-05-16 09:32:16 [INFO] Running Time : 3ms
2023-05-16 09:32:16 [INFO] End : ChatServiceImpl - selectChatRoomList
--------------------------------------

2023-05-16 09:32:16 [INFO] 후처리 수행
2023-05-16 09:32:16 [INFO] View 처리 완료 후 수행
2023-05-16 09:32:38 [INFO] --------------------------------------
Start : ChatServiceImpl - openChatRoom
Parameter : [ChatRoom(chatRoomNo=0, title=테스트, status=null, memberNo=2, memberNickname=null, cnt=0)]
ip : 127.0.0.1 (email : csw454545@gmail.com)
2023-05-16 09:32:38 [INFO] --------------Service Start---------------
2023-05-16 09:32:38 [INFO] --------------Service End---------------
2023-05-16 09:32:38 [INFO] Return Value : 1
2023-05-16 09:32:38 [INFO] Running Time : 63ms
2023-05-16 09:32:38 [INFO] End : ChatServiceImpl - openChatRoom
--------------------------------------

2023-05-16 09:32:38 [INFO] 후처리 수행
2023-05-16 09:32:38 [INFO] View 처리 완료 후 수행
2023-05-16 09:32:38 [INFO] --------------------------------------
Start : ChatServiceImpl - joinChatRoom
Parameter : [ChatRoomJoin(memberNo=2, chatRoomNo=1)]
ip : 127.0.0.1 (email : csw454545@gmail.com)
2023-05-16 09:32:38 [INFO] --------------Service Start---------------
2023-05-16 09:32:38 [INFO] --------------Service End---------------
2023-05-16 09:32:38 [INFO] Return Value : []
2023-05-16 09:32:38 [INFO] Running Time : 19ms
2023-05-16 09:32:38 [INFO] End : ChatServiceImpl - joinChatRoom
--------------------------------------

2023-05-16 09:32:38 [INFO] 후처리 수행
2023-05-16 09:32:39 [INFO] --------------------------------------
Start : ChatServiceImpl - openChatRoom
Parameter : [ChatRoom(chatRoomNo=0, title=테스트, status=null, memberNo=2, memberNickname=null, cnt=0)]
ip : 127.0.0.1 (email : csw454545@gmail.com)
2023-05-16 09:32:39 [INFO] --------------Service Start---------------
2023-05-16 09:32:39 [INFO] --------------Service End---------------
2023-05-16 09:32:39 [INFO] Return Value : 2
2023-05-16 09:32:39 [INFO] Running Time : 7ms
2023-05-16 09:32:39 [INFO] End : ChatServiceImpl - openChatRoom
--------------------------------------

2023-05-16 09:32:39 [INFO] 후처리 수행
2023-05-16 09:32:39 [INFO] View 처리 완료 후 수행
2023-05-16 09:32:39 [INFO] --------------------------------------
Start : ChatServiceImpl - joinChatRoom
Parameter : [ChatRoomJoin(memberNo=2, chatRoomNo=2)]
ip : 127.0.0.1 (email : csw454545@gmail.com)
2023-05-16 09:32:39 [INFO] --------------Service Start---------------
2023-05-16 09:32:39 [INFO] --------------Service End---------------
2023-05-16 09:32:39 [INFO] Return Value : []
2023-05-16 09:32:39 [INFO] Running Time : 13ms
2023-05-16 09:32:39 [INFO] End : ChatServiceImpl - joinChatRoom
--------------------------------------

2023-05-16 09:32:39 [INFO] 후처리 수행
2023-05-16 09:32:39 [INFO] View 처리 완료 후 수행
2023-05-16 09:32:39 [INFO] View 처리 완료 후 수행
2023-05-16 09:32:39 [INFO] 후처리 수행
2023-05-16 09:32:39 [INFO] View 처리 완료 후 수행
2023-05-16 09:32:39 [INFO] 후처리 수행
2023-05-16 09:32:39 [INFO] View 처리 완료 후 수행
2023-05-16 09:32:39 [INFO] 후처리 수행
2023-05-16 09:32:39 [INFO] View 처리 완료 후 수행
2023-05-16 09:33:04 [INFO] --------------------------------------
Start : ChatServiceImpl - selectChatRoomList
Parameter : []
ip : 127.0.0.1 (email : csw454545@gmail.com)
2023-05-16 09:33:04 [INFO] --------------Service Start---------------
2023-05-16 09:33:04 [INFO] --------------Service End---------------
2023-05-16 09:33:04 [INFO] Return Value : [ChatRoom(chatRoomNo=2, title=테스트, status=null, memberNo=0, memberNickname=테스트2, cnt=1), ChatRoom(chatRoomNo=1, title=테스트, status=null, memberNo=0, memberNickname=테스트2, cnt=1)]
2023-05-16 09:33:04 [INFO] Running Time : 5ms
2023-05-16 09:33:04 [INFO] End : ChatServiceImpl - selectChatRoomList
--------------------------------------

2023-05-16 09:33:04 [INFO] 후처리 수행
2023-05-16 09:33:04 [INFO] View 처리 완료 후 수행
2023-05-16 09:33:06 [INFO] --------------------------------------
Start : ChatServiceImpl - joinChatRoom
Parameter : [ChatRoomJoin(memberNo=2, chatRoomNo=2)]
ip : 127.0.0.1 (email : csw454545@gmail.com)
2023-05-16 09:33:06 [INFO] --------------Service Start---------------
2023-05-16 09:33:06 [INFO] --------------Service End---------------
2023-05-16 09:33:06 [INFO] Return Value : []
2023-05-16 09:33:06 [INFO] Running Time : 6ms
2023-05-16 09:33:06 [INFO] End : ChatServiceImpl - joinChatRoom
--------------------------------------

2023-05-16 09:33:06 [INFO] 후처리 수행
2023-05-16 09:33:06 [INFO] View 처리 완료 후 수행
2023-05-16 09:33:06 [INFO] 후처리 수행
2023-05-16 09:33:06 [INFO] View 처리 완료 후 수행
2023-05-16 09:33:07 [INFO] 후처리 수행
2023-05-16 09:33:07 [INFO] View 처리 완료 후 수행
2023-05-16 09:33:08 [INFO] --------------------------------------
Start : ChatServiceImpl - selectChatRoomList
Parameter : []
ip : 127.0.0.1 (email : csw454545@gmail.com)
2023-05-16 09:33:08 [INFO] --------------Service Start---------------
2023-05-16 09:33:08 [INFO] --------------Service End---------------
2023-05-16 09:33:08 [INFO] Return Value : [ChatRoom(chatRoomNo=2, title=테스트, status=null, memberNo=0, memberNickname=테스트2, cnt=1), ChatRoom(chatRoomNo=1, title=테스트, status=null, memberNo=0, memberNickname=테스트2, cnt=1)]
2023-05-16 09:33:08 [INFO] Running Time : 4ms
2023-05-16 09:33:08 [INFO] End : ChatServiceImpl - selectChatRoomList
--------------------------------------

2023-05-16 09:33:08 [INFO] 후처리 수행
2023-05-16 09:33:08 [INFO] View 처리 완료 후 수행
2023-05-16 09:33:09 [INFO] --------------------------------------
Start : ChatServiceImpl - joinChatRoom
Parameter : [ChatRoomJoin(memberNo=2, chatRoomNo=1)]
ip : 127.0.0.1 (email : csw454545@gmail.com)
2023-05-16 09:33:09 [INFO] --------------Service Start---------------
2023-05-16 09:33:09 [INFO] --------------Service End---------------
2023-05-16 09:33:09 [INFO] Return Value : []
2023-05-16 09:33:09 [INFO] Running Time : 4ms
2023-05-16 09:33:09 [INFO] End : ChatServiceImpl - joinChatRoom
--------------------------------------

2023-05-16 09:33:09 [INFO] 후처리 수행
2023-05-16 09:33:09 [INFO] View 처리 완료 후 수행
2023-05-16 09:33:09 [INFO] 후처리 수행
2023-05-16 09:33:09 [INFO] View 처리 완료 후 수행
2023-05-16 09:33:10 [INFO] 후처리 수행
2023-05-16 09:33:10 [INFO] View 처리 완료 후 수행
2023-05-16 09:33:11 [INFO] --------------------------------------
Start : ChatServiceImpl - selectChatRoomList
Parameter : []
ip : 127.0.0.1 (email : csw454545@gmail.com)
2023-05-16 09:33:11 [INFO] --------------Service Start---------------
2023-05-16 09:33:11 [INFO] --------------Service End---------------
2023-05-16 09:33:11 [INFO] Return Value : [ChatRoom(chatRoomNo=2, title=테스트, status=null, memberNo=0, memberNickname=테스트2, cnt=1), ChatRoom(chatRoomNo=1, title=테스트, status=null, memberNo=0, memberNickname=테스트2, cnt=1)]
2023-05-16 09:33:11 [INFO] Running Time : 2ms
2023-05-16 09:33:11 [INFO] End : ChatServiceImpl - selectChatRoomList
--------------------------------------

2023-05-16 09:33:11 [INFO] 후처리 수행
2023-05-16 09:33:11 [INFO] View 처리 완료 후 수행
